<?xml version="1.0" encoding="UTF-8"?>
<testng-results ignored="0" total="1" passed="1" failed="0" skipped="0">
  <reporter-output>
  </reporter-output>
  <suite started-at="2023-11-16T15:24:59 IST" name="Default suite" finished-at="2023-11-16T15:25:03 IST" duration-ms="4417">
    <groups>
    </groups>
    <test started-at="2023-11-16T15:24:59 IST" name="Default test" finished-at="2023-11-16T15:25:03 IST" duration-ms="4417">
      <class name="TestFolder.SettingDimensions">
        <test-method is-config="true" signature="beforeTest()[pri:0, instance:TestFolder.SettingDimensions@38c6f217]" started-at="2023-11-16T15:24:59 IST" name="beforeTest" finished-at="2023-11-16T15:25:01 IST" duration-ms="2225" status="PASS">
          <reporter-output>
          </reporter-output>
        </test-method> <!-- beforeTest -->
        <test-method signature="setDimensionTest()[pri:0, instance:TestFolder.SettingDimensions@38c6f217]" started-at="2023-11-16T15:25:01 IST" name="setDimensionTest" finished-at="2023-11-16T15:25:03 IST" duration-ms="2071" status="PASS">
          <reporter-output>
          </reporter-output>
        </test-method> <!-- setDimensionTest -->
        <test-method is-config="true" signature="afterTest()[pri:0, instance:TestFolder.SettingDimensions@38c6f217]" started-at="2023-11-16T15:25:03 IST" name="afterTest" finished-at="2023-11-16T15:25:03 IST" duration-ms="100" status="PASS">
          <reporter-output>
          </reporter-output>
        </test-method> <!-- afterTest -->
      </class> <!-- TestFolder.SettingDimensions -->
    </test> <!-- Default test -->
  </suite> <!-- Default suite -->
</testng-results>
