<?xml version="1.0" encoding="UTF-8"?>
<testng-results ignored="0" total="1" passed="1" failed="0" skipped="0">
  <reporter-output>
  </reporter-output>
  <suite started-at="2023-11-16T18:41:10 IST" name="Default suite" finished-at="2023-11-16T18:41:12 IST" duration-ms="1927">
    <groups>
    </groups>
    <test started-at="2023-11-16T18:41:10 IST" name="Default test" finished-at="2023-11-16T18:41:12 IST" duration-ms="1927">
      <class name="TestFolder.FailedNetworkReq">
        <test-method is-config="true" signature="beforeTest()[pri:0, instance:TestFolder.FailedNetworkReq@564fabc8]" started-at="2023-11-16T18:41:10 IST" name="beforeTest" finished-at="2023-11-16T18:41:11 IST" duration-ms="1408" status="PASS">
          <reporter-output>
          </reporter-output>
        </test-method> <!-- beforeTest -->
        <test-method signature="FailingReq()[pri:0, instance:TestFolder.FailedNetworkReq@564fabc8]" started-at="2023-11-16T18:41:11 IST" name="FailingReq" finished-at="2023-11-16T18:41:12 IST" duration-ms="499" status="PASS">
          <reporter-output>
          </reporter-output>
        </test-method> <!-- FailingReq -->
        <test-method is-config="true" signature="afterTest()[pri:0, instance:TestFolder.FailedNetworkReq@564fabc8]" started-at="2023-11-16T18:41:12 IST" name="afterTest" finished-at="2023-11-16T18:41:12 IST" duration-ms="5" status="PASS">
          <reporter-output>
          </reporter-output>
        </test-method> <!-- afterTest -->
      </class> <!-- TestFolder.FailedNetworkReq -->
    </test> <!-- Default test -->
  </suite> <!-- Default suite -->
</testng-results>
